<?xml version="1.0" encoding="UTF-8"?>
<!-- Generated by org.testng.reporters.JUnitReportReporter -->
<testsuite hostname="Khaleds-MacBook-Pro.local" failures="0" tests="1" name="com.ebfs.qa.testcases.SignInPageTest" time="12.775" errors="0" timestamp="30 Dec 2020 21:41:36 GMT" skipped="0">
  <testcase classname="com.ebfs.qa.testcases.SignInPageTest" name="verifyLogin" time="12.775"/>
</testsuite> <!-- com.ebfs.qa.testcases.SignInPageTest -->
