<?xml version="1.0" encoding="UTF-8"?>
<!-- Generated by org.testng.reporters.JUnitReportReporter -->
<testsuite hostname="Khaleds-MacBook-Pro.local" failures="0" tests="1" name="com.ebfs.qa.testcases.ContactsPageTest" time="4.922" errors="0" timestamp="04 Jan 2021 06:28:36 GMT" skipped="0">
  <testcase classname="com.ebfs.qa.testcases.ContactsPageTest" name="verifyContactsPageLabel" time="4.922"/>
</testsuite> <!-- com.ebfs.qa.testcases.ContactsPageTest -->
