<?xml version="1.0" encoding="UTF-8"?>
<!-- Generated by org.testng.reporters.JUnitReportReporter -->
<testsuite hostname="Khaleds-MacBook-Pro.local" failures="0" tests="17" name="com.ebfs.qa.testcases.HomePageTest" time="223.084" errors="0" timestamp="04 Jan 2021 06:28:36 GMT" skipped="0">
  <testcase classname="com.ebfs.qa.testcases.HomePageTest" name="verifyHomePageTitleTest" time="3.925"/>
  <testcase classname="com.ebfs.qa.testcases.HomePageTest" name="verifyLogoTest" time="3.928"/>
  <testcase classname="com.ebfs.qa.testcases.HomePageTest" name="verifyNavigateWomenLinkTest" time="9.396"/>
  <testcase classname="com.ebfs.qa.testcases.HomePageTest" name="verifyNavigateDressLinkTest" time="3.787"/>
  <testcase classname="com.ebfs.qa.testcases.HomePageTest" name="verifyNavigateTshirtsLinkTest" time="3.845"/>
  <testcase classname="com.ebfs.qa.testcases.HomePageTest" name="verifyNavigateBruteForceLinkTest" time="3.857"/>
  <testcase classname="com.ebfs.qa.testcases.HomePageTest" name="verifyFeatureProductsVisibleTest" time="3.890"/>
  <testcase classname="com.ebfs.qa.testcases.HomePageTest" name="verifyCheckoutCartVisibleTest" time="3.844"/>
  <testcase classname="com.ebfs.qa.testcases.HomePageTest" name="verifyQuickViewLinkTest" time="19.713"/>
  <testcase classname="com.ebfs.qa.testcases.HomePageTest" name="verifyProductWishListTest" time="45.362"/>
  <testcase classname="com.ebfs.qa.testcases.HomePageTest" name="verifyDetailOrderViewLinkTest" time="19.446"/>
  <testcase classname="com.ebfs.qa.testcases.HomePageTest" name="verifyContactUsLinkTest" time="4.814"/>
  <testcase classname="com.ebfs.qa.testcases.HomePageTest" name="verifyBestSellerLinkTest" time="25.590"/>
  <testcase classname="com.ebfs.qa.testcases.HomePageTest" name="verifyNewsLetterLinkTest" time="3.836"/>
  <testcase classname="com.ebfs.qa.testcases.HomePageTest" name="verifySearchBoxTest" time="10.717"/>
  <testcase classname="com.ebfs.qa.testcases.HomePageTest" name="verifyFollowFacebookLinkTest" time="25.223"/>
  <testcase classname="com.ebfs.qa.testcases.HomePageTest" name="verifyRegistrationProcessTest" time="31.911"/>
</testsuite> <!-- com.ebfs.qa.testcases.HomePageTest -->
