<?xml version="1.0" encoding="UTF-8"?>
<!-- Generated by org.testng.reporters.JUnitReportReporter -->
<testsuite hostname="Khaleds-MacBook-Pro.local" failures="0" tests="1" name="com.ebfs.qa.testcases.SignInPageTest" time="9.496" errors="0" timestamp="04 Jan 2021 06:28:36 GMT" skipped="0">
  <testcase classname="com.ebfs.qa.testcases.SignInPageTest" name="verifyLogin" time="9.496"/>
</testsuite> <!-- com.ebfs.qa.testcases.SignInPageTest -->
