<?xml version="1.0" encoding="UTF-8"?>
<!-- Generated by org.testng.reporters.JUnitReportReporter -->
<testsuite hostname="Khaleds-MacBook-Pro.local" failures="0" tests="3" name="com.ebfs.qa.testcases.HomePageTest" time="12.858" errors="0" timestamp="30 Dec 2020 21:41:36 GMT" skipped="0">
  <testcase classname="com.ebfs.qa.testcases.HomePageTest" name="verifyHomePageTitleTest" time="3.992"/>
  <testcase classname="com.ebfs.qa.testcases.HomePageTest" name="verifyLogoTest" time="3.865"/>
  <testcase classname="com.ebfs.qa.testcases.HomePageTest" name="verifyContactUsLinkTest" time="5.001"/>
</testsuite> <!-- com.ebfs.qa.testcases.HomePageTest -->
