<?xml version="1.0" encoding="UTF-8"?>
<!-- Generated by org.testng.reporters.JUnitReportReporter -->
<testsuite hostname="Khaleds-MacBook-Pro.local" failures="0" tests="1" name="com.ebfs.qa.testcases.ContactsPageTest" time="5.338" errors="0" timestamp="30 Dec 2020 21:41:36 GMT" skipped="0">
  <testcase classname="com.ebfs.qa.testcases.ContactsPageTest" name="verifyContactsPageLabel" time="5.338"/>
</testsuite> <!-- com.ebfs.qa.testcases.ContactsPageTest -->
